Unity Editor version:    2021.3.17f1 (3e8111cac19d)
Branch:                  2021.3/release
Build type:              Release
Batch mode:              YES
macOS version:           Version 13.2.1 (Build 22D68)
Darwin version:          22.3.0
Architecture:            arm64
Running under Rosetta:   NO
Available memory:        16384 MB
Using pre-set license
Pro License: YES

COMMAND LINE ARGUMENTS:
/Applications/Unity/Hub/Editor/2021.3.17f1/Unity.app/Contents/MacOS/Unity
-adb2
-batchMode
-noUpm
-name
AssetImportWorker0
-projectPath
/Users/jinlang/Desktop/2023 Spring/CS579/project/Virtual Museum
-logFile
Logs/AssetImportWorker0.log
-srvPort
57240
Successfully changed project path to: /Users/jinlang/Desktop/2023 Spring/CS579/project/Virtual Museum
/Users/jinlang/Desktop/2023 Spring/CS579/project/Virtual Museum
[UnityMemory] Configuration Parameters - Can be set up in boot.config
    "memorysetup-bucket-allocator-granularity=16"
    "memorysetup-bucket-allocator-bucket-count=8"
    "memorysetup-bucket-allocator-block-size=33554432"
    "memorysetup-bucket-allocator-block-count=8"
    "memorysetup-main-allocator-block-size=16777216"
    "memorysetup-thread-allocator-block-size=16777216"
    "memorysetup-gfx-main-allocator-block-size=16777216"
    "memorysetup-gfx-thread-allocator-block-size=16777216"
    "memorysetup-cache-allocator-block-size=4194304"
    "memorysetup-typetree-allocator-block-size=2097152"
    "memorysetup-profiler-bucket-allocator-granularity=16"
    "memorysetup-profiler-bucket-allocator-bucket-count=8"
    "memorysetup-profiler-bucket-allocator-block-size=33554432"
    "memorysetup-profiler-bucket-allocator-block-count=8"
    "memorysetup-profiler-allocator-block-size=16777216"
    "memorysetup-profiler-editor-allocator-block-size=1048576"
    "memorysetup-temp-allocator-size-main=16777216"
    "memorysetup-job-temp-allocator-block-size=2097152"
    "memorysetup-job-temp-allocator-block-size-background=1048576"
    "memorysetup-job-temp-allocator-reduction-small-platforms=262144"
    "memorysetup-temp-allocator-size-background-worker=32768"
    "memorysetup-temp-allocator-size-job-worker=262144"
    "memorysetup-temp-allocator-size-preload-manager=33554432"
    "memorysetup-temp-allocator-size-nav-mesh-worker=65536"
    "memorysetup-temp-allocator-size-audio-worker=65536"
    "memorysetup-temp-allocator-size-cloud-worker=32768"
    "memorysetup-temp-allocator-size-gi-baking-worker=262144"
    "memorysetup-temp-allocator-size-gfx=262144"
Player connection [8357642560] Host "[IP] 192.168.1.7 [Port] 0 [Flags] 2 [Guid] 5554509 [EditorId] 5554509 [Version] 1048832 [Id] OSXEditor(0,Jinlangs-MacBook-Pro.local) [Debug] 1 [PackageName] OSXEditor [ProjectName] Editor" joined multi-casting on [225.0.0.222:54997]...

Player connection [8357642560] Host "[IP] 192.168.1.7 [Port] 0 [Flags] 2 [Guid] 5554509 [EditorId] 5554509 [Version] 1048832 [Id] OSXEditor(0,Jinlangs-MacBook-Pro.local) [Debug] 1 [PackageName] OSXEditor [ProjectName] Editor" joined alternative multi-casting on [225.0.0.222:34997]...

Refreshing native plugins compatible for Editor in 88.16 ms, found 2 plugins.
Preloading 0 native plugins for Editor in 0.00 ms.
Initialize engine version: 2021.3.17f1 (3e8111cac19d)
[Subsystems] Discovering subsystems at path /Applications/Unity/Hub/Editor/2021.3.17f1/Unity.app/Contents/Resources/UnitySubsystems
[Subsystems] Discovering subsystems at path /Users/jinlang/Desktop/2023 Spring/CS579/project/Virtual Museum/Assets
GfxDevice: creating device client; threaded=0; jobified=0
 preferred device: Apple M1 Pro (high power)
Metal devices available: 1
0: Apple M1 Pro (high power)
Using device Apple M1 Pro (high power)
Initializing Metal device caps: Apple M1 Pro
Initialize mono
Mono path[0] = '/Applications/Unity/Hub/Editor/2021.3.17f1/Unity.app/Contents/Managed'
Mono path[1] = '/Applications/Unity/Hub/Editor/2021.3.17f1/Unity.app/Contents/MonoBleedingEdge/lib/mono/unityjit-macos'
Mono config path = '/Applications/Unity/Hub/Editor/2021.3.17f1/Unity.app/Contents/MonoBleedingEdge/etc'
Using monoOptions --debugger-agent=transport=dt_socket,embedding=1,server=y,suspend=n,address=127.0.0.1:56276
Begin MonoManager ReloadAssembly
Registering precompiled unity dll's ...
Register platform support module: /Applications/Unity/Hub/Editor/2021.3.17f1/PlaybackEngines/WebGLSupport/UnityEditor.WebGL.Extensions.dll
Register platform support module: /Applications/Unity/Hub/Editor/2021.3.17f1/Unity.app/Contents/PlaybackEngines/MacStandaloneSupport/UnityEditor.OSXStandalone.Extensions.dll
Registered in 0.001807 seconds.
Native extension for OSXStandalone target not found
Native extension for WebGL target not found
Refreshing native plugins compatible for Editor in 76.19 ms, found 2 plugins.
Preloading 0 native plugins for Editor in 0.00 ms.
Mono: successfully reloaded assembly
- Completed reload, in  0.415 seconds
Domain Reload Profiling:
	ReloadAssembly (415ms)
		BeginReloadAssembly (48ms)
			ExecutionOrderSort (0ms)
			DisableScriptedObjects (0ms)
			BackupInstance (0ms)
			ReleaseScriptingObjects (0ms)
			CreateAndSetChildDomain (0ms)
		EndReloadAssembly (298ms)
			LoadAssemblies (48ms)
			RebuildTransferFunctionScriptingTraits (0ms)
			SetupTypeCache (68ms)
			ReleaseScriptCaches (0ms)
			RebuildScriptCaches (20ms)
			SetupLoadedEditorAssemblies (182ms)
				LogAssemblyErrors (0ms)
				InitializePlatformSupportModulesInManaged (4ms)
				SetLoadedEditorAssemblies (0ms)
				RefreshPlugins (76ms)
				BeforeProcessingInitializeOnLoad (1ms)
				ProcessInitializeOnLoadAttributes (78ms)
				ProcessInitializeOnLoadMethodAttributes (24ms)
				AfterProcessingInitializeOnLoad (0ms)
				EditorAssembliesLoaded (0ms)
			ExecutionOrderSort2 (0ms)
			AwakeInstancesAfterBackupRestoration (0ms)
Platform modules already initialized, skipping
Registering precompiled user dll's ...
Registered in 0.005945 seconds.
Begin MonoManager ReloadAssembly
Symbol file LoadedFromMemory doesn't match image /Users/jinlang/Desktop/2023 Spring/CS579/project/Virtual Museum/Library/PackageCache/com.unity.visualscripting@1.8.0/Editor/VisualScripting.Core/Dependencies/YamlDotNet/Unity.VisualScripting.YamlDotNet.dll
Symbol file LoadedFromMemory doesn't match image /Users/jinlang/Desktop/2023 Spring/CS579/project/Virtual Museum/Library/PackageCache/com.unity.visualscripting@1.8.0/Editor/VisualScripting.Core/Dependencies/DotNetZip/Unity.VisualScripting.IonicZip.dll
Native extension for OSXStandalone target not found
Native extension for WebGL target not found
Refreshing native plugins compatible for Editor in 0.51 ms, found 2 plugins.
Preloading 0 native plugins for Editor in 0.00 ms.
Mono: successfully reloaded assembly
- Completed reload, in  0.650 seconds
Domain Reload Profiling:
	ReloadAssembly (650ms)
		BeginReloadAssembly (52ms)
			ExecutionOrderSort (0ms)
			DisableScriptedObjects (3ms)
			BackupInstance (0ms)
			ReleaseScriptingObjects (0ms)
			CreateAndSetChildDomain (15ms)
		EndReloadAssembly (525ms)
			LoadAssemblies (49ms)
			RebuildTransferFunctionScriptingTraits (0ms)
			SetupTypeCache (175ms)
			ReleaseScriptCaches (0ms)
			RebuildScriptCaches (35ms)
			SetupLoadedEditorAssemblies (234ms)
				LogAssemblyErrors (0ms)
				InitializePlatformSupportModulesInManaged (2ms)
				SetLoadedEditorAssemblies (0ms)
				RefreshPlugins (1ms)
				BeforeProcessingInitializeOnLoad (66ms)
				ProcessInitializeOnLoadAttributes (149ms)
				ProcessInitializeOnLoadMethodAttributes (16ms)
				AfterProcessingInitializeOnLoad (1ms)
				EditorAssembliesLoaded (0ms)
			ExecutionOrderSort2 (0ms)
			AwakeInstancesAfterBackupRestoration (2ms)
Platform modules already initialized, skipping
========================================================================
Worker process is ready to serve import requests
Launching external process: /Applications/Unity/Hub/Editor/2021.3.17f1/Unity.app/Contents/Tools/UnityShaderCompiler
Launched and connected shader compiler UnityShaderCompiler after 0.05 seconds
Refreshing native plugins compatible for Editor in 0.48 ms, found 2 plugins.
Preloading 0 native plugins for Editor in 0.00 ms.
Unloading 3891 Unused Serialized files (Serialized files now loaded: 0)
Unloading 42 unused Assets / (1.6 MB). Loaded Objects now: 4335.
Memory consumption went from 140.7 MB to 139.1 MB.
Total: 3.093791 ms (FindLiveObjects: 0.108584 ms CreateObjectMapping: 0.047000 ms MarkObjects: 2.645291 ms  DeleteObjects: 0.292333 ms)

AssetImportParameters requested are different than current active one (requested -> active):
  custom:video-decoder-ogg-theora: a1e56fd34408186e4bbccfd4996cb3dc -> 
  custom:container-muxer-webm: aa71ff27fc2769a1b78a27578f13a17b -> 
  custom:container-demuxer-webm: 4f35f7cbe854078d1ac9338744f61a02 -> 
  custom:video-encoder-webm-vp8: eb34c28f22e8b96e1ab97ce403110664 -> 
  custom:framework-osx-AVFoundation: e770b220cccbd017edd2c1fefb359320 -> 
  custom:audio-encoder-webm-vorbis: bf7c407c2cedff20999df2af8eb42d56 -> 
  custom:container-demuxer-ogg: 62fdf1f143b41e24485cea50d1cbac27 -> 
  custom:video-decoder-webm-vp8: 9c59270c3fd7afecdb556c50c9e8de78 -> 
  custom:audio-decoder-ogg-vorbis: bf7c407c2cedff20999df2af8eb42d56 -> 
========================================================================
Received Import Request.
  Time since last request: 33293.529212 seconds.
  path: Assets/New Folder
  artifactKey: Guid(504461c4fbef849d9b7666df7c1eb0c2) Importer(815301076,1909f56bfc062723c751e8b465ee728b)
Start importing Assets/New Folder using Guid(504461c4fbef849d9b7666df7c1eb0c2) Importer(815301076,1909f56bfc062723c751e8b465ee728b)  -> (artifact id: '645a336bad2e0c411ac94947a9a214ae') in 0.005685 seconds 
========================================================================
Received Import Request.
  Time since last request: 2.740213 seconds.
  path: Assets/TEXTURES
  artifactKey: Guid(504461c4fbef849d9b7666df7c1eb0c2) Importer(815301076,1909f56bfc062723c751e8b465ee728b)
Start importing Assets/TEXTURES using Guid(504461c4fbef849d9b7666df7c1eb0c2) Importer(815301076,1909f56bfc062723c751e8b465ee728b)  -> (artifact id: '56ad3526d4ab521574279108eb4ccb4d') in 0.000614 seconds 
========================================================================
Received Import Request.
  Time since last request: 25.212350 seconds.
  path: Assets/TEXTURES/WALLS
  artifactKey: Guid(8008b6538e69041028f90a6b53089d62) Importer(815301076,1909f56bfc062723c751e8b465ee728b)
Start importing Assets/TEXTURES/WALLS using Guid(8008b6538e69041028f90a6b53089d62) Importer(815301076,1909f56bfc062723c751e8b465ee728b)  -> (artifact id: 'c0d7616e88a1f5912d78d7d75fc4b2ea') in 0.001196 seconds 
========================================================================
Received Import Request.
  Time since last request: 9.685143 seconds.
  path: Assets/TEXTURES/FLOORS
  artifactKey: Guid(622f71858d6f0405f8dc0b94d3e8cb17) Importer(815301076,1909f56bfc062723c751e8b465ee728b)
Start importing Assets/TEXTURES/FLOORS using Guid(622f71858d6f0405f8dc0b94d3e8cb17) Importer(815301076,1909f56bfc062723c751e8b465ee728b)  -> (artifact id: '532f8e79d949e0ea2dbb503f702206a2') in 0.000720 seconds 
========================================================================
Received Import Request.
  Time since last request: 776.303979 seconds.
  path: Assets/TEXTURES/FLOORS/1
  artifactKey: Guid(3497498c7acd34eafa79a68775d43116) Importer(815301076,1909f56bfc062723c751e8b465ee728b)
Start importing Assets/TEXTURES/FLOORS/1 using Guid(3497498c7acd34eafa79a68775d43116) Importer(815301076,1909f56bfc062723c751e8b465ee728b)  -> (artifact id: '20868d4db1b24127f42e4e526d2d4b90') in 0.001332 seconds 
========================================================================
Received Import Request.
  Time since last request: 23.839587 seconds.
  path: Assets/TEXTURES/FLOORS/1/Wall1.mat
  artifactKey: Guid(f4353bc533c45455f81ae397199d642d) Importer(815301076,1909f56bfc062723c751e8b465ee728b)
Start importing Assets/TEXTURES/FLOORS/1/Wall1.mat using Guid(f4353bc533c45455f81ae397199d642d) Importer(815301076,1909f56bfc062723c751e8b465ee728b)  -> (artifact id: '6ad51181a6997047553db3f5cc3a9b96') in 0.796460 seconds 
========================================================================
Received Import Request.
  Time since last request: 27.383187 seconds.
  path: Assets/TEXTURES/FLOORS/1/floor_tiles_02_diff_4k.jpg
  artifactKey: Guid(87ddb2b8535a34508a0f5645d73cbf81) Importer(815301076,1909f56bfc062723c751e8b465ee728b)
Start importing Assets/TEXTURES/FLOORS/1/floor_tiles_02_diff_4k.jpg using Guid(87ddb2b8535a34508a0f5645d73cbf81) Importer(815301076,1909f56bfc062723c751e8b465ee728b)  -> (artifact id: 'e41736ca4b2ac56051ad92e088231859') in 0.522322 seconds 
========================================================================
Received Import Request.
  Time since last request: 0.000059 seconds.
  path: Assets/TEXTURES/FLOORS/1/floor_tiles_02_nor_gl_4k.exr
  artifactKey: Guid(c733324968d854c86a232a8b37291f25) Importer(815301076,1909f56bfc062723c751e8b465ee728b)
Start importing Assets/TEXTURES/FLOORS/1/floor_tiles_02_nor_gl_4k.exr using Guid(c733324968d854c86a232a8b37291f25) Importer(815301076,1909f56bfc062723c751e8b465ee728b)  -> (artifact id: '62bbeaa0de932062aef1265f11fd510a') in 0.446747 seconds 
========================================================================
Received Import Request.
  Time since last request: 22.742858 seconds.
  path: Packages/com.unity.probuilder/Content/Icons/Toolbar/Background/AccentBar_Bottom.png
  artifactKey: Guid(19fabf6370255433fa736008910e1bf2) Importer(815301076,1909f56bfc062723c751e8b465ee728b)
Start importing Packages/com.unity.probuilder/Content/Icons/Toolbar/Background/AccentBar_Bottom.png using Guid(19fabf6370255433fa736008910e1bf2) Importer(815301076,1909f56bfc062723c751e8b465ee728b)  -> (artifact id: '2439d12b4550eb5b88056471d3adff1c') in 0.043702 seconds 
========================================================================
Received Import Request.
  Time since last request: 0.000041 seconds.
  path: Packages/com.unity.collab-proxy/Editor/Collaborate/Assets/Icons/added-file-light.png
  artifactKey: Guid(397fff6c3885f8343bb65714f0064b5d) Importer(815301076,1909f56bfc062723c751e8b465ee728b)
Start importing Packages/com.unity.collab-proxy/Editor/Collaborate/Assets/Icons/added-file-light.png using Guid(397fff6c3885f8343bb65714f0064b5d) Importer(815301076,1909f56bfc062723c751e8b465ee728b)  -> (artifact id: 'ad3c0b53d57d33e7bcf3c846cc297252') in 0.005109 seconds 
========================================================================
Received Import Request.
  Time since last request: 262.908417 seconds.
  path: Assets/TEXTURES/FLOORS/1/floor_tiles_02_nor_gl_4k.exr
  artifactKey: Guid(c733324968d854c86a232a8b37291f25) Importer(815301076,1909f56bfc062723c751e8b465ee728b)
Start importing Assets/TEXTURES/FLOORS/1/floor_tiles_02_nor_gl_4k.exr using Guid(c733324968d854c86a232a8b37291f25) Importer(815301076,1909f56bfc062723c751e8b465ee728b)  -> (artifact id: 'ae381a45fa95a4f3a99875cc1c7374e4') in 0.040932 seconds 
========================================================================
Received Import Request.
  Time since last request: 4945.392773 seconds.
  path: Assets/SUPER Character Controller/SUPER Character Controller/Super Third Person Controller.prefab
  artifactKey: Guid(486cca3eb6a1b544cb46ebc4cdac8b6b) Importer(815301076,1909f56bfc062723c751e8b465ee728b)
Start importing Assets/SUPER Character Controller/SUPER Character Controller/Super Third Person Controller.prefab using Guid(486cca3eb6a1b544cb46ebc4cdac8b6b) Importer(815301076,1909f56bfc062723c751e8b465ee728b)  -> (artifact id: 'caaef54724afbcac7f100171937e063c') in 0.072759 seconds 
